<?xml version="1.0" encoding="UTF-8"?>
<testsuite xmlns:xsi="http://www.w3.org/2001/XMLSchema-instance" xsi:noNamespaceSchemaLocation="https://maven.apache.org/surefire/maven-surefire-plugin/xsd/surefire-test-report-3.0.xsd" version="3.0" name="StringCalculatorTest" time="0.071" tests="11" errors="0" skipped="0" failures="0">
  <properties>
[...]
</properties>
  <testcase name="testEmptyStringReturnsZero" classname="StringCalculatorTest" time="0.021"/>
  <testcase name="testNumbersGreaterThan1000AreIgnored" classname="StringCalculatorTest" time="0.001"/>
  <testcase name="testCustomDelimiter" classname="StringCalculatorTest" time="0.0"/>
  <testcase name="testNullStringReturnsZero" classname="StringCalculatorTest" time="0.001"/>
  <testcase name="testNewlineAsDelimiter" classname="StringCalculatorTest" time="0.001"/>
  <testcase name="testNegativeNumbersThrowException" classname="StringCalculatorTest" time="0.003"/>
  <testcase name="testSingleNumberReturnsItself" classname="StringCalculatorTest" time="0.001"/>
  <testcase name="testAnyAmountOfNumbers" classname="StringCalculatorTest" time="0.001"/>
  <testcase name="testTwoNumbersSum" classname="StringCalculatorTest" time="0.0"/>
  <testcase name="testNumbersWithSpaces" classname="StringCalculatorTest" time="0.001"/>
  <testcase name="testMultipleNumbersSum" classname="StringCalculatorTest" time="0.001"/>
</testsuite>